<?xml version="1.0" encoding="UTF-8"?>
<!-- Generated by org.testng.reporters.JUnitReportReporter -->
<testsuite hostname="DESKTOP-U4RAFQE" failures="0" tests="3" name="TestNgPractic.Demo2" time="0.007" errors="0" timestamp="2022-11-08T22:01:31 IST" skipped="0">
  <testcase classname="TestNgPractic.Demo2" name="m2" time="0.005"/>
  <system-out/>
  <testcase classname="TestNgPractic.Demo2" name="m3" time="0.001"/>
  <system-out/>
  <testcase classname="TestNgPractic.Demo2" name="m1" time="0.001"/>
  <system-out/>
</testsuite> <!-- TestNgPractic.Demo2 -->
