<?xml version="1.0" encoding="UTF-8"?>
<!-- Generated by org.testng.reporters.JUnitReportReporter -->
<testsuite hostname="DESKTOP-U4RAFQE" failures="0" tests="3" name="TestNgPractice2.BeforeTest_And_AfterTest" time="0.021" errors="0" timestamp="2022-10-04T18:16:16 IST" skipped="0">
  <testcase classname="TestNgPractice2.BeforeTest_And_AfterTest" name="m1" time="0.016"/>
  <system-out>
    <![CDATA[method m1]]>
  </system-out>
  <testcase classname="TestNgPractice2.BeforeTest_And_AfterTest" name="m3" time="0.003"/>
  <system-out>
    <![CDATA[method m3]]>
  </system-out>
  <testcase classname="TestNgPractice2.BeforeTest_And_AfterTest" name="m2" time="0.002"/>
  <system-out>
    <![CDATA[method m2]]>
  </system-out>
</testsuite> <!-- TestNgPractice2.BeforeTest_And_AfterTest -->
