<?xml version="1.0" encoding="UTF-8"?>
<!-- Generated by org.testng.reporters.JUnitReportReporter -->
<testsuite hostname="DESKTOP-U4RAFQE" failures="0" tests="3" name="TestNgPractice.BeforeTest_And_AfterTest" time="0.019" errors="0" timestamp="2022-10-03T19:17:51 IST" skipped="0">
  <testcase classname="TestNgPractice.BeforeTest_And_AfterTest" name="m2" time="0.008"/>
  <system-out>
    <![CDATA[method m2]]>
  </system-out>
  <testcase classname="TestNgPractice.BeforeTest_And_AfterTest" name="m3" time="0.007"/>
  <system-out>
    <![CDATA[method m3]]>
  </system-out>
  <testcase classname="TestNgPractice.BeforeTest_And_AfterTest" name="m1" time="0.004"/>
  <system-out>
    <![CDATA[method m]]>
  </system-out>
</testsuite> <!-- TestNgPractice.BeforeTest_And_AfterTest -->
