<?xml version="1.0" encoding="UTF-8"?>
<!-- Generated by org.testng.reporters.JUnitReportReporter -->
<testsuite hostname="DESKTOP-U4RAFQE" failures="0" tests="3" name="TestNgPractice.BeforeTest_and_BeforeMethod" time="0.012" errors="0" timestamp="2022-10-03T19:17:51 IST" skipped="0">
  <testcase classname="TestNgPractice.BeforeTest_and_BeforeMethod" name="m6" time="0.003"/>
  <system-out/>
  <testcase classname="TestNgPractice.BeforeTest_and_BeforeMethod" name="m4" time="0.003"/>
  <system-out/>
  <testcase classname="TestNgPractice.BeforeTest_and_BeforeMethod" name="m5" time="0.006"/>
  <system-out/>
</testsuite> <!-- TestNgPractice.BeforeTest_and_BeforeMethod -->
