<?xml version="1.0" encoding="UTF-8"?>
<!-- Generated by org.testng.reporters.JUnitReportReporter -->
<testsuite hostname="DESKTOP-U4RAFQE" failures="0" tests="1" name="SoftAssert.SoftAsserPractice" time="0.024" errors="0" timestamp="2022-10-05T22:45:04 IST" skipped="0">
  <testcase classname="SoftAssert.SoftAsserPractice" name="test1" time="0.024"/>
  <system-out/>
</testsuite> <!-- SoftAssert.SoftAsserPractice -->
