<?xml version="1.0" encoding="UTF-8"?>
<!-- Generated by org.testng.reporters.JUnitReportReporter -->
<testsuite hostname="DESKTOP-U4RAFQE" failures="0" tests="1" name="PomWithPageFactory.LoginTest" time="5.011" errors="0" timestamp="2022-10-08T13:02:32 IST" skipped="0">
  <testcase classname="PomWithPageFactory.LoginTest" name="FcebookLoginPageTest" time="5.011"/>
  <system-out>
    <![CDATA[VerifyFacebookLoginPageFBlogo
VerifyFacebookLoginPageTagline
VerifyFacebookLoginPageForgotPasswordLink
VerifyFacebookLoginPageCreateNewAccountLink
SetFacebookLoginPageEmailorMobile
SetFacebookLoginPagePassword
ClickFacebookLoginPageloginbtn
VerifyFacebookLoginPageFooterLinks]]>
  </system-out>
</testsuite> <!-- PomWithPageFactory.LoginTest -->
