<?xml version="1.0" encoding="UTF-8"?>
<!-- Generated by org.testng.reporters.JUnitReportReporter -->
<testsuite hostname="DESKTOP-U4RAFQE" failures="0" tests="3" name="TestNgPractice.BeforeClassAndAfteClass" time="0.031" errors="0" timestamp="2022-10-03T17:07:06 IST" skipped="0">
  <testcase classname="TestNgPractice.BeforeClassAndAfteClass" name="NotificationPage" time="0.013"/>
  <system-out>
    <![CDATA[Cheking Notification]]>
  </system-out>
  <testcase classname="TestNgPractice.BeforeClassAndAfteClass" name="HomePage" time="0.012"/>
  <system-out>
    <![CDATA[checking home page]]>
  </system-out>
  <testcase classname="TestNgPractice.BeforeClassAndAfteClass" name="ProfilePage" time="0.006"/>
  <system-out>
    <![CDATA[cheking profile Page]]>
  </system-out>
</testsuite> <!-- TestNgPractice.BeforeClassAndAfteClass -->
