<?xml version="1.0" encoding="UTF-8"?>
<!-- Generated by org.testng.reporters.JUnitReportReporter -->
<testsuite hostname="DESKTOP-U4RAFQE" failures="0" tests="2" name="TestNgPractice.BeforeMethod_And_AfterMethod" time="0.045" errors="0" timestamp="2022-10-03T19:17:51 IST" skipped="0">
  <testcase classname="TestNgPractice.BeforeMethod_And_AfterMethod" name="ProfilePage" time="0.014"/>
  <system-out>
    <![CDATA[cheking profile Page]]>
  </system-out>
  <testcase classname="TestNgPractice.BeforeMethod_And_AfterMethod" name="NotificationPage" time="0.031"/>
  <system-out>
    <![CDATA[Cheking Notification]]>
  </system-out>
</testsuite> <!-- TestNgPractice.BeforeMethod_And_AfterMethod -->
