<?xml version="1.0" encoding="UTF-8"?>
<!-- Generated by org.testng.reporters.JUnitReportReporter -->
<testsuite hostname="DESKTOP-U4RAFQE" failures="0" tests="3" name="TestNgPractic.Demo3" time="0.018" errors="0" timestamp="2022-11-08T22:01:31 IST" skipped="0">
  <testcase classname="TestNgPractic.Demo3" name="m6" time="0.004"/>
  <system-out/>
  <testcase classname="TestNgPractic.Demo3" name="m5" time="0.002"/>
  <system-out/>
  <testcase classname="TestNgPractic.Demo3" name="m4" time="0.012"/>
  <system-out/>
</testsuite> <!-- TestNgPractic.Demo3 -->
