<?xml version="1.0" encoding="UTF-8"?>
<!-- Generated by org.testng.reporters.JUnitReportReporter -->
<testsuite hostname="DESKTOP-U4RAFQE" failures="0" tests="7" name="TestNgPractic.Demo1" time="0.028" errors="0" timestamp="2022-11-08T22:10:27 IST" skipped="1">
  <testcase classname="TestNgPractic.Demo1" name="ProfilePage" time="0.007"/>
  <system-out>
    <![CDATA[Prifile]]>
  </system-out>
  <testcase classname="TestNgPractic.Demo1" name="ProfilePage" time="0.002"/>
  <system-out>
    <![CDATA[Prifile]]>
  </system-out>
  <testcase classname="TestNgPractic.Demo1" name="ProfilePage" time="0.012"/>
  <system-out>
    <![CDATA[Prifile]]>
  </system-out>
  <testcase classname="TestNgPractic.Demo1" name="ProfilePage" time="0.003"/>
  <system-out>
    <![CDATA[Prifile]]>
  </system-out>
  <testcase classname="TestNgPractic.Demo1" name="ProfilePage" time="0.002"/>
  <system-out>
    <![CDATA[Prifile]]>
  </system-out>
  <testcase classname="TestNgPractic.Demo1" name="HomePage" time="0.002"/>
  <system-out>
    <![CDATA[HomePage]]>
  </system-out>
  <testcase classname="TestNgPractic.Demo1" name="Notification">
    <skipped/>
  </testcase> <!-- Notification -->
  <system-out/>
</testsuite> <!-- TestNgPractic.Demo1 -->
