<?xml version="1.0" encoding="UTF-8"?>
<!-- Generated by org.testng.reporters.JUnitReportReporter -->
<testsuite hostname="DESKTOP-U4RAFQE" failures="0" tests="3" name="TestNgPractice.BeforeClass_And_AfterClass" time="0.012" errors="0" timestamp="2022-10-03T19:17:51 IST" skipped="0">
  <testcase classname="TestNgPractice.BeforeClass_And_AfterClass" name="HomePage" time="0.004"/>
  <system-out>
    <![CDATA[checking home page]]>
  </system-out>
  <testcase classname="TestNgPractice.BeforeClass_And_AfterClass" name="NotificationPage" time="0.005"/>
  <system-out>
    <![CDATA[Cheking Notification]]>
  </system-out>
  <testcase classname="TestNgPractice.BeforeClass_And_AfterClass" name="ProfilePage" time="0.003"/>
  <system-out>
    <![CDATA[cheking profile Page]]>
  </system-out>
</testsuite> <!-- TestNgPractice.BeforeClass_And_AfterClass -->
