<?xml version="1.0" encoding="UTF-8"?>
<!-- Generated by org.testng.reporters.JUnitReportReporter -->
<testsuite hostname="DESKTOP-U4RAFQE" failures="0" tests="10" name="TestNgGrouping.CrossBrowserPractice" time="77.992" errors="0" timestamp="2022-11-09T22:20:39 IST" skipped="0">
  <testcase classname="TestNgGrouping.CrossBrowserPractice" name="CrossBrowerTesting" time="24.611"/>
  <system-out/>
  <testcase classname="TestNgGrouping.CrossBrowserPractice" name="CrossBrowerTesting" time="45.995"/>
  <system-out/>
  <testcase classname="TestNgGrouping.CrossBrowserPractice" name="verifycurrenturl" time="0.024"/>
  <system-out/>
  <testcase classname="TestNgGrouping.CrossBrowserPractice" name="verifycurrenturl" time="0.010"/>
  <system-out/>
  <testcase classname="TestNgGrouping.CrossBrowserPractice" name="verifyUsernamefield" time="0.285"/>
  <system-out/>
  <testcase classname="TestNgGrouping.CrossBrowserPractice" name="verifyUsernamefield" time="0.119"/>
  <system-out/>
  <testcase classname="TestNgGrouping.CrossBrowserPractice" name="verifyPasswordfield" time="0.209"/>
  <system-out/>
  <testcase classname="TestNgGrouping.CrossBrowserPractice" name="verifyPasswordfield" time="0.086"/>
  <system-out/>
  <testcase classname="TestNgGrouping.CrossBrowserPractice" name="verifyLoginButon" time="0.099"/>
  <system-out/>
  <testcase classname="TestNgGrouping.CrossBrowserPractice" name="verifyLoginButon" time="6.554"/>
  <system-out/>
</testsuite> <!-- TestNgGrouping.CrossBrowserPractice -->
