<?xml version="1.0" encoding="UTF-8"?>
<!-- Generated by org.testng.reporters.JUnitReportReporter -->
<testsuite hostname="DESKTOP-U4RAFQE" failures="0" tests="2" name="KeywordPractice.InvoctionCount" time="0.016" errors="0" timestamp="2022-10-04T12:58:51 IST" skipped="1">
  <testcase classname="KeywordPractice.InvoctionCount" name="HomePage" time="0.016"/>
  <system-out/>
  <testcase classname="KeywordPractice.InvoctionCount" name="Notification">
    <skipped/>
  </testcase> <!-- Notification -->
  <system-out/>
</testsuite> <!-- KeywordPractice.InvoctionCount -->
