<?xml version="1.0" encoding="UTF-8"?>
<!-- Generated by org.testng.reporters.JUnitReportReporter -->
<testsuite hostname="DESKTOP-U4RAFQE" failures="0" tests="3" name="TestNgGrouping.TestCase3" time="0.010" errors="0" timestamp="2022-11-09T18:31:29 IST" skipped="0">
  <testcase classname="TestNgGrouping.TestCase3" name="test7" time="0.004"/>
  <system-out/>
  <testcase classname="TestNgGrouping.TestCase3" name="test8" time="0.003"/>
  <system-out/>
  <testcase classname="TestNgGrouping.TestCase3" name="Test9" time="0.003"/>
  <system-out/>
</testsuite> <!-- TestNgGrouping.TestCase3 -->
