<?xml version="1.0" encoding="UTF-8"?>
<!-- Generated by org.testng.reporters.JUnitReportReporter -->
<testsuite hostname="DESKTOP-U4RAFQE" failures="0" tests="6" name="TestNGExample.TimeOutsKeywordPractice" time="3.623" errors="0" timestamp="2022-11-08T18:23:28 IST" skipped="0">
  <testcase classname="TestNGExample.TimeOutsKeywordPractice" name="HomePageTest" time="3.579"/>
  <system-out/>
  <testcase classname="TestNGExample.TimeOutsKeywordPractice" name="NotificationPageTest" time="0.005"/>
  <system-out/>
  <testcase classname="TestNGExample.TimeOutsKeywordPractice" name="NotificationPageTest" time="0.005"/>
  <system-out/>
  <testcase classname="TestNGExample.TimeOutsKeywordPractice" name="NotificationPageTest" time="0.008"/>
  <system-out/>
  <testcase classname="TestNGExample.TimeOutsKeywordPractice" name="NotificationPageTest" time="0.019"/>
  <system-out/>
  <testcase classname="TestNGExample.TimeOutsKeywordPractice" name="NotificationPageTest" time="0.007"/>
  <system-out/>
</testsuite> <!-- TestNGExample.TimeOutsKeywordPractice -->
