<?xml version="1.0" encoding="UTF-8"?>
<!-- Generated by org.testng.reporters.JUnitReportReporter -->
<testsuite hostname="DESKTOP-U4RAFQE" failures="0" tests="3" name="KeywordPractice.Privority" time="0.023" errors="0" timestamp="2022-10-04T12:13:37 IST" skipped="0">
  <testcase classname="KeywordPractice.Privority" name="OpenBrowser" time="0.016"/>
  <system-out/>
  <testcase classname="KeywordPractice.Privority" name="LoginPage" time="0.003"/>
  <system-out/>
  <testcase classname="KeywordPractice.Privority" name="LogoutPage" time="0.004"/>
  <system-out/>
</testsuite> <!-- KeywordPractice.Privority -->
