<?xml version="1.0" encoding="UTF-8"?>
<!-- Generated by org.testng.reporters.JUnitReportReporter -->
<testsuite hostname="DESKTOP-U4RAFQE" failures="0" tests="5" name="TestNgPractic.test333" time="118.147" errors="0" timestamp="2022-11-09T18:05:14 IST" skipped="0">
  <testcase classname="TestNgPractic.test333" name="LaunchBrowser" time="20.110"/>
  <system-out/>
  <testcase classname="TestNgPractic.test333" name="LaunchBrowser" time="24.241"/>
  <system-out/>
  <testcase classname="TestNgPractic.test333" name="LaunchBrowser" time="23.154"/>
  <system-out/>
  <testcase classname="TestNgPractic.test333" name="LaunchBrowser" time="19.349"/>
  <system-out/>
  <testcase classname="TestNgPractic.test333" name="LaunchBrowser" time="31.293"/>
  <system-out/>
</testsuite> <!-- TestNgPractic.test333 -->
