<?xml version="1.0" encoding="UTF-8"?>
<!-- Generated by org.testng.reporters.JUnitReportReporter -->
<testsuite hostname="DESKTOP-U4RAFQE" failures="0" tests="3" name="TestNgGrouping.TestCase1" time="0.024" errors="0" timestamp="2022-11-09T18:31:29 IST" skipped="0">
  <testcase classname="TestNgGrouping.TestCase1" name="test1" time="0.004"/>
  <system-out/>
  <testcase classname="TestNgGrouping.TestCase1" name="test2" time="0.005"/>
  <system-out/>
  <testcase classname="TestNgGrouping.TestCase1" name="Test3" time="0.015"/>
  <system-out/>
</testsuite> <!-- TestNgGrouping.TestCase1 -->
