<?xml version="1.0" encoding="UTF-8"?>
<!-- Generated by org.testng.reporters.JUnitReportReporter -->
<testsuite hostname="DESKTOP-U4RAFQE" failures="0" tests="3" name="TestNgPractice2.BeforeTest_and_BeforeMethod" time="0.009" errors="0" timestamp="2022-10-04T18:16:16 IST" skipped="0">
  <testcase classname="TestNgPractice2.BeforeTest_and_BeforeMethod" name="m4" time="0.002"/>
  <system-out>
    <![CDATA[method m4]]>
  </system-out>
  <testcase classname="TestNgPractice2.BeforeTest_and_BeforeMethod" name="m5" time="0.004"/>
  <system-out>
    <![CDATA[method m5]]>
  </system-out>
  <testcase classname="TestNgPractice2.BeforeTest_and_BeforeMethod" name="m6" time="0.003"/>
  <system-out>
    <![CDATA[method m6]]>
  </system-out>
</testsuite> <!-- TestNgPractice2.BeforeTest_and_BeforeMethod -->
